<?xml version="1.0" encoding="UTF-8"?>
<testng-results skipped="0" failed="0" total="1" passed="1">
  <reporter-output>
  </reporter-output>
  <suite name="Suite" duration-ms="12809" started-at="2017-03-26T17:22:34Z" finished-at="2017-03-26T17:22:47Z">
    <groups>
    </groups>
    <test name="Test" duration-ms="12809" started-at="2017-03-26T17:22:34Z" finished-at="2017-03-26T17:22:47Z">
      <class name="com.rg.framework.tests.BasicTest">
        <test-method status="PASS" signature="testGrid()[pri:0, instance:com.rg.framework.tests.BasicTest@566776ad]" name="testGrid" duration-ms="12755" started-at="2017-03-26T22:52:35Z" finished-at="2017-03-26T22:52:47Z">
          <reporter-output>
          </reporter-output>
        </test-method> <!-- testGrid -->
      </class> <!-- com.rg.framework.tests.BasicTest -->
    </test> <!-- Test -->
  </suite> <!-- Suite -->
</testng-results>
