<?xml version="1.0" encoding="UTF-8"?>
<testng-results skipped="0" failed="0" total="1" passed="1">
  <reporter-output>
  </reporter-output>
  <suite name="Default suite" duration-ms="19733" started-at="2017-03-26T17:29:09Z" finished-at="2017-03-26T17:29:29Z">
    <groups>
    </groups>
    <test name="Default test" duration-ms="19733" started-at="2017-03-26T17:29:09Z" finished-at="2017-03-26T17:29:29Z">
      <class name="com.rg.framework.tests.BasicTest">
        <test-method status="PASS" signature="testGrid()[pri:0, instance:com.rg.framework.tests.BasicTest@20e2cbe0]" name="testGrid" duration-ms="19678" started-at="2017-03-26T22:59:09Z" finished-at="2017-03-26T22:59:29Z">
          <reporter-output>
          </reporter-output>
        </test-method> <!-- testGrid -->
      </class> <!-- com.rg.framework.tests.BasicTest -->
    </test> <!-- Default test -->
  </suite> <!-- Default suite -->
</testng-results>
